\BOOKMARK [0][-]{section*.3}{List of Figures}{}% 1
\BOOKMARK [0][-]{section*.4}{List of Tables}{}% 2
\BOOKMARK [0][-]{section*.5}{Contents}{}% 3
\BOOKMARK [-1][-]{part.1}{Introduction}{}% 4
\BOOKMARK [0][-]{chapter.1}{Introduction}{part.1}% 5
\BOOKMARK [0][-]{chapter.2}{Problem Analysis}{part.1}% 6
\BOOKMARK [1][-]{section.2.1}{Problems in traffic}{chapter.2}% 7
\BOOKMARK [1][-]{section.2.2}{Self-driving cars}{chapter.2}% 8
\BOOKMARK [1][-]{section.2.3}{Implementation Issues With Self Driving Cars}{chapter.2}% 9
\BOOKMARK [1][-]{section.2.4}{Tasks for AVs}{chapter.2}% 10
\BOOKMARK [1][-]{section.2.5}{State of the Art}{chapter.2}% 11
\BOOKMARK [1][-]{section.2.6}{Problem definition}{chapter.2}% 12
\BOOKMARK [-1][-]{part.2}{Technology analysis}{}% 13
\BOOKMARK [0][-]{chapter.3}{Optimal Solution}{part.2}% 14
\BOOKMARK [1][-]{section.3.1}{Hardware}{chapter.3}% 15
\BOOKMARK [1][-]{section.3.2}{Software}{chapter.3}% 16
\BOOKMARK [1][-]{section.3.3}{Essential Features}{chapter.3}% 17
\BOOKMARK [0][-]{chapter.4}{Actual solution}{part.2}% 18
\BOOKMARK [1][-]{section.4.1}{Hardware}{chapter.4}% 19
\BOOKMARK [-1][-]{part.3}{Design}{}% 20
\BOOKMARK [0][-]{chapter.5}{Design}{part.3}% 21
\BOOKMARK [1][-]{section.5.1}{Autonomus Driving System Architecture}{chapter.5}% 22
\BOOKMARK [1][-]{section.5.2}{Vehicle Design}{chapter.5}% 23
\BOOKMARK [1][-]{section.5.3}{Network Architecture}{chapter.5}% 24
\BOOKMARK [1][-]{section.5.4}{Proposed Artificial Neural Network Archicteture}{chapter.5}% 25
\BOOKMARK [-1][-]{part.4}{Implementation}{}% 26
\BOOKMARK [0][-]{chapter.6}{Implementation}{part.4}% 27
\BOOKMARK [1][-]{section.6.1}{Environment}{chapter.6}% 28
\BOOKMARK [1][-]{section.6.2}{Data}{chapter.6}% 29
\BOOKMARK [0][-]{section*.61}{Bibliography}{part.4}% 30
\BOOKMARK [-1][-]{part.5}{ - Appendix -}{}% 31
